<?xml version="1.0" encoding="UTF-8"?>
<!-- Generated by org.testng.reporters.JUnitReportReporter -->
<testsuite hostname="SHEETAL-EVA" failures="0" tests="1" name="com.demoblaze.testLayer.Demo" time="3.409" errors="0" timestamp="2022-11-30T14:55:17 IST" skipped="0">
  <testcase classname="com.demoblaze.testLayer.Demo" name="demo" time="3.409"/>
  <system-out/>
</testsuite> <!-- com.demoblaze.testLayer.Demo -->
